{"C:\\projetos\\cicd-meuprojeto\\src\\app.js": {"path":"C:\\projetos\\cicd-meuprojeto\\src\\app.js","statementMap":{"0":{"start":{"line":1,"column":16},"end":{"line":1,"column":34}},"1":{"start":{"line":2,"column":12},"end":{"line":2,"column":21}},"2":{"start":{"line":4,"column":0},"end":{"line":4,"column":24}},"3":{"start":{"line":6,"column":0},"end":{"line":8,"column":3}},"4":{"start":{"line":7,"column":2},"end":{"line":7,"column":66}},"5":{"start":{"line":10,"column":0},"end":{"line":12,"column":3}},"6":{"start":{"line":11,"column":2},"end":{"line":11,"column":99}},"7":{"start":{"line":14,"column":0},"end":{"line":20,"column":3}},"8":{"start":{"line":15,"column":2},"end":{"line":19,"column":5}},"9":{"start":{"line":22,"column":0},"end":{"line":22,"column":21}}},"fnMap":{"0":{"name":"(anonymous_0)","decl":{"start":{"line":6,"column":19},"end":{"line":6,"column":20}},"loc":{"start":{"line":6,"column":33},"end":{"line":8,"column":1}},"line":6},"1":{"name":"(anonymous_1)","decl":{"start":{"line":10,"column":22},"end":{"line":10,"column":23}},"loc":{"start":{"line":10,"column":36},"end":{"line":12,"column":1}},"line":10},"2":{"name":"(anonymous_2)","decl":{"start":{"line":14,"column":21},"end":{"line":14,"column":22}},"loc":{"start":{"line":14,"column":35},"end":{"line":20,"column":1}},"line":14}},"branchMap":{"0":{"loc":{"start":{"line":11,"column":61},"end":{"line":11,"column":95}},"type":"binary-expr","locations":[{"start":{"line":11,"column":61},"end":{"line":11,"column":84}},{"start":{"line":11,"column":88},"end":{"line":11,"column":95}}],"line":11},"1":{"loc":{"start":{"line":17,"column":17},"end":{"line":17,"column":54}},"type":"binary-expr","locations":[{"start":{"line":17,"column":17},"end":{"line":17,"column":37}},{"start":{"line":17,"column":41},"end":{"line":17,"column":54}}],"line":17}},"s":{"0":1,"1":1,"2":1,"3":1,"4":1,"5":1,"6":1,"7":1,"8":1,"9":1},"f":{"0":1,"1":1,"2":1},"b":{"0":[1,1],"1":[1,0]},"_coverageSchema":"1a1c01bbd47fc00a2c39e90264f33305004495a9","hash":"481bbe0d2966adc927c1d59eb77f700f12632037"}
}
